#
# There is insufficient memory for the Java Runtime Environment to continue.
# Native memory allocation (malloc) failed to allocate 914736 bytes for Chunk::new
# Possible reasons:
#   The system is out of physical RAM or swap space
#   The process is running with CompressedOops enabled, and the Java Heap may be blocking the growth of the native heap
# Possible solutions:
#   Reduce memory load on the system
#   Increase physical memory or swap space
#   Check if swap backing store is full
#   Decrease Java heap size (-Xmx/-Xms)
#   Decrease number of Java threads
#   Decrease Java thread stack sizes (-Xss)
#   Set larger code cache with -XX:ReservedCodeCacheSize=
#   JVM is running with Unscaled Compressed Oops mode in which the Java heap is
#     placed in the first 4GB address space. The Java Heap base address is the
#     maximum limit for the native heap growth. Please use -XX:HeapBaseMinAddress
#     to set the Java Heap base and to place the Java Heap above 4GB virtual address.
# This output file may be truncated or incomplete.
#
#  Out of Memory Error (arena.cpp:189), pid=4208, tid=57852
#
# JRE version: Java(TM) SE Runtime Environment (17.0.1+12) (build 17.0.1+12-LTS-39)
# Java VM: Java HotSpot(TM) 64-Bit Server VM (17.0.1+12-LTS-39, mixed mode, sharing, tiered, compressed oops, compressed class ptrs, g1 gc, windows-amd64)
# No core dump will be written. Minidumps are not enabled by default on client versions of Windows
#

---------------  S U M M A R Y ------------

Command Line: -Dfile.encoding=UTF-8 -XX:+ShowCodeDetailsInExceptionMessages com.example.springUsers.SpringUsersApplication

Host: 11th Gen Intel(R) Core(TM) i5-1135G7 @ 2.40GHz, 8 cores, 7G,  Windows 10 , 64 bit Build 19041 (10.0.19041.1023)
Time: Tue Feb 22 20:10:49 2022 GMT Standard Time elapsed time: 11053.261308 seconds (0d 3h 4m 13s)

---------------  T H R E A D  ---------------

Current thread (0x000001eb21b17210):  JavaThread "C2 CompilerThread0" daemon [_thread_in_native, id=57852, stack(0x000000c313d00000,0x000000c313e00000)]


Current CompileTask:
C2:11053262 5982   !   4       java.util.concurrent.ThreadPoolExecutor::getTask (177 bytes)

Stack: [0x000000c313d00000,0x000000c313e00000]
Native frames: (J=compiled Java code, j=interpreted, Vv=VM code, C=native code)
V  [jvm.dll+0x66fa1a]
V  [jvm.dll+0x7ce5a4]
V  [jvm.dll+0x7cfd4e]
V  [jvm.dll+0x7d03b3]
V  [jvm.dll+0x242b05]
V  [jvm.dll+0xaa05b]
V  [jvm.dll+0xaa5ec]
V  [jvm.dll+0x35f9b2]
V  [jvm.dll+0x329f51]
V  [jvm.dll+0x3293fa]
V  [jvm.dll+0x215bf1]
V  [jvm.dll+0x215011]
V  [jvm.dll+0x1a168d]
V  [jvm.dll+0x224848]
V  [jvm.dll+0x2229ac]
V  [jvm.dll+0x78435b]
V  [jvm.dll+0x77e91a]
V  [jvm.dll+0x66e845]
C  [ucrtbase.dll+0x21bb2]
C  [KERNEL32.DLL+0x17034]
C  [ntdll.dll+0x52651]


---------------  P R O C E S S  ---------------

Threads class SMR info:
_java_thread_list=0x000001eb21b60a50, length=26, elements={
0x000001eb21af6960, 0x000001eb21af7420, 0x000001eb21b05df0, 0x000001eb21b068b0,
0x000001eb21b0a190, 0x000001eb21b0aa50, 0x000001eb21b17210, 0x000001eb21b17bc0,
0x000001eb21b2a4b0, 0x000001eb225a86c0, 0x000001eb225b69b0, 0x000001eb25edce70,
0x000001eb25f46b20, 0x000001eb22788080, 0x000001eb25d03fc0, 0x000001eb22c61780,
0x000001eb22c77950, 0x000001eb26b18f00, 0x000001eb03bb9e70, 0x000001eb2b20b010,
0x000001eb25c783f0, 0x000001eb250f10c0, 0x000001eb250f45b0, 0x000001eb250f2400,
0x000001eb250f4a80, 0x000001eb250f1590
}

Java Threads: ( => current thread )
  0x000001eb21af6960 JavaThread "Reference Handler" daemon [_thread_blocked, id=46240, stack(0x000000c313700000,0x000000c313800000)]
  0x000001eb21af7420 JavaThread "Finalizer" daemon [_thread_blocked, id=40364, stack(0x000000c313800000,0x000000c313900000)]
  0x000001eb21b05df0 JavaThread "Signal Dispatcher" daemon [_thread_blocked, id=21924, stack(0x000000c313900000,0x000000c313a00000)]
  0x000001eb21b068b0 JavaThread "Attach Listener" daemon [_thread_blocked, id=33008, stack(0x000000c313a00000,0x000000c313b00000)]
  0x000001eb21b0a190 JavaThread "Service Thread" daemon [_thread_blocked, id=29460, stack(0x000000c313b00000,0x000000c313c00000)]
  0x000001eb21b0aa50 JavaThread "Monitor Deflation Thread" daemon [_thread_blocked, id=13744, stack(0x000000c313c00000,0x000000c313d00000)]
=>0x000001eb21b17210 JavaThread "C2 CompilerThread0" daemon [_thread_in_native, id=57852, stack(0x000000c313d00000,0x000000c313e00000)]
  0x000001eb21b17bc0 JavaThread "C1 CompilerThread0" daemon [_thread_blocked, id=11924, stack(0x000000c313e00000,0x000000c313f00000)]
  0x000001eb21b2a4b0 JavaThread "Sweeper thread" daemon [_thread_blocked, id=55844, stack(0x000000c313f00000,0x000000c314000000)]
  0x000001eb225a86c0 JavaThread "Notification Thread" daemon [_thread_blocked, id=42716, stack(0x000000c314000000,0x000000c314100000)]
  0x000001eb225b69b0 JavaThread "Common-Cleaner" daemon [_thread_blocked, id=20280, stack(0x000000c314200000,0x000000c314300000)]
  0x000001eb25edce70 JavaThread "mysql-cj-abandoned-connection-cleanup" daemon [_thread_blocked, id=53844, stack(0x000000c314d00000,0x000000c314e00000)]
  0x000001eb25f46b20 JavaThread "HikariPool-1 housekeeper" daemon [_thread_blocked, id=21312, stack(0x000000c314f00000,0x000000c315000000)]
  0x000001eb22788080 JavaThread "Catalina-utility-1" [_thread_blocked, id=25392, stack(0x000000c315100000,0x000000c315200000)]
  0x000001eb25d03fc0 JavaThread "Catalina-utility-2" [_thread_blocked, id=41888, stack(0x000000c315200000,0x000000c315300000)]
  0x000001eb22c61780 JavaThread "container-0" [_thread_blocked, id=54508, stack(0x000000c315300000,0x000000c315400000)]
  0x000001eb22c77950 JavaThread "http-nio-8080-Poller" daemon [_thread_in_native, id=57744, stack(0x000000c315400000,0x000000c315500000)]
  0x000001eb26b18f00 JavaThread "http-nio-8080-Acceptor" daemon [_thread_in_native, id=37032, stack(0x000000c315500000,0x000000c315600000)]
  0x000001eb03bb9e70 JavaThread "DestroyJavaVM" [_thread_blocked, id=2648, stack(0x000000c313000000,0x000000c313100000)]
  0x000001eb2b20b010 JavaThread "http-nio-8080-exec-1" daemon [_thread_blocked, id=56696, stack(0x000000c314300000,0x000000c314400000)]
  0x000001eb25c783f0 JavaThread "http-nio-8080-exec-2" daemon [_thread_blocked, id=42184, stack(0x000000c314c00000,0x000000c314d00000)]
  0x000001eb250f10c0 JavaThread "http-nio-8080-exec-3" daemon [_thread_blocked, id=43000, stack(0x000000c315700000,0x000000c315800000)]
  0x000001eb250f45b0 JavaThread "http-nio-8080-exec-4" daemon [_thread_blocked, id=34784, stack(0x000000c315800000,0x000000c315900000)]
  0x000001eb250f2400 JavaThread "http-nio-8080-exec-5" daemon [_thread_blocked, id=52964, stack(0x000000c315900000,0x000000c315a00000)]
  0x000001eb250f4a80 JavaThread "http-nio-8080-exec-6" daemon [_thread_blocked, id=57868, stack(0x000000c315a00000,0x000000c315b00000)]
  0x000001eb250f1590 JavaThread "http-nio-8080-exec-7" daemon [_thread_blocked, id=50768, stack(0x000000c312d00000,0x000000c312e00000)]

Other Threads:
  0x000001eb21aedf90 VMThread "VM Thread" [stack: 0x000000c313600000,0x000000c313700000] [id=13976]
  0x000001eb03c10230 WatcherThread [stack: 0x000000c314100000,0x000000c314200000] [id=51604]
  0x000001eb03bf69b0 GCTaskThread "GC Thread#0" [stack: 0x000000c313100000,0x000000c313200000] [id=7744]
  0x000001eb22c6f000 GCTaskThread "GC Thread#1" [stack: 0x000000c314400000,0x000000c314500000] [id=49224]
  0x000001eb22c6f2b0 GCTaskThread "GC Thread#2" [stack: 0x000000c314500000,0x000000c314600000] [id=29292]
  0x000001eb22f38890 GCTaskThread "GC Thread#3" [stack: 0x000000c314600000,0x000000c314700000] [id=52436]
  0x000001eb230d1ab0 GCTaskThread "GC Thread#4" [stack: 0x000000c314700000,0x000000c314800000] [id=57692]
  0x000001eb22ec3850 GCTaskThread "GC Thread#5" [stack: 0x000000c314800000,0x000000c314900000] [id=55368]
  0x000001eb22eedc10 GCTaskThread "GC Thread#6" [stack: 0x000000c314900000,0x000000c314a00000] [id=57540]
  0x000001eb22fecda0 GCTaskThread "GC Thread#7" [stack: 0x000000c314b00000,0x000000c314c00000] [id=54760]
  0x000001eb03c08870 ConcurrentGCThread "G1 Main Marker" [stack: 0x000000c313200000,0x000000c313300000] [id=10564]
  0x000001eb03c09190 ConcurrentGCThread "G1 Conc#0" [stack: 0x000000c313300000,0x000000c313400000] [id=52032]
  0x000001eb25047930 ConcurrentGCThread "G1 Conc#1" [stack: 0x000000c314a00000,0x000000c314b00000] [id=34192]
  0x000001eb219b10a0 ConcurrentGCThread "G1 Refine#0" [stack: 0x000000c313400000,0x000000c313500000] [id=55920]
  0x000001eb219b19d0 ConcurrentGCThread "G1 Service" [stack: 0x000000c313500000,0x000000c313600000] [id=44800]

Threads with active compile tasks:
C2 CompilerThread0  11053312 5982   !   4       java.util.concurrent.ThreadPoolExecutor::getTask (177 bytes)

VM state: not at safepoint (normal execution)

VM Mutex/Monitor currently owned by a thread: None

Heap address: 0x0000000083a00000, size: 1990 MB, Compressed Oops mode: 32-bit

CDS archive(s) mapped at: [0x0000000800000000-0x0000000800bc0000-0x0000000800bc0000), size 12320768, SharedBaseAddress: 0x0000000800000000, ArchiveRelocationMode: 0.
Compressed class space mapped at: 0x0000000800c00000-0x0000000840c00000, reserved size: 1073741824
Narrow klass base: 0x0000000800000000, Narrow klass shift: 0, Narrow klass range: 0x100000000

GC Precious Log:
 CPUs: 8 total, 8 available
 Memory: 7957M
 Large Page Support: Disabled
 NUMA Support: Disabled
 Compressed Oops: Enabled (32-bit)
 Heap Region Size: 1M
 Heap Min Capacity: 8M
 Heap Initial Capacity: 126M
 Heap Max Capacity: 1990M
 Pre-touch: Disabled
 Parallel Workers: 8
 Concurrent Workers: 2
 Concurrent Refinement Workers: 8
 Periodic GC: Disabled

Heap:
 garbage-first heap   total 71680K, used 36667K [0x0000000083a00000, 0x0000000100000000)
  region size 1024K, 14 young (14336K), 3 survivors (3072K)
 Metaspace       used 62269K, committed 62656K, reserved 1105920K
  class space    used 8299K, committed 8512K, reserved 1048576K

Heap Regions: E=young(eden), S=young(survivor), O=old, HS=humongous(starts), HC=humongous(continues), CS=collection set, F=free, OA=open archive, CA=closed archive, TAMS=top-at-mark-start (previous, next)
|   0|0x0000000083a00000, 0x0000000083b00000, 0x0000000083b00000|100%|HS|  |TAMS 0x0000000083b00000, 0x0000000083a00000| Complete 
|   1|0x0000000083b00000, 0x0000000083c00000, 0x0000000083c00000|100%| O|  |TAMS 0x0000000083c00000, 0x0000000083b00000| Untracked 
|   2|0x0000000083c00000, 0x0000000083d00000, 0x0000000083d00000|100%| O|  |TAMS 0x0000000083d00000, 0x0000000083c00000| Untracked 
|   3|0x0000000083d00000, 0x0000000083e00000, 0x0000000083e00000|100%| O|  |TAMS 0x0000000083e00000, 0x0000000083d00000| Untracked 
|   4|0x0000000083e00000, 0x0000000083f00000, 0x0000000083f00000|100%| O|  |TAMS 0x0000000083f00000, 0x0000000083e00000| Untracked 
|   5|0x0000000083f00000, 0x0000000084000000, 0x0000000084000000|100%| O|  |TAMS 0x0000000084000000, 0x0000000083f00000| Untracked 
|   6|0x0000000084000000, 0x0000000084100000, 0x0000000084100000|100%| O|  |TAMS 0x0000000084100000, 0x0000000084000000| Untracked 
|   7|0x0000000084100000, 0x0000000084110800, 0x0000000084200000|  6%| O|  |TAMS 0x0000000084110800, 0x0000000084100000| Complete 
|   8|0x0000000084200000, 0x0000000084300000, 0x0000000084300000|100%| O|  |TAMS 0x0000000084300000, 0x0000000084200000| Untracked 
|   9|0x0000000084300000, 0x0000000084400000, 0x0000000084400000|100%| O|  |TAMS 0x0000000084400000, 0x0000000084300000| Untracked 
|  10|0x0000000084400000, 0x0000000084500000, 0x0000000084500000|100%| O|  |TAMS 0x0000000084500000, 0x0000000084400000| Untracked 
|  11|0x0000000084500000, 0x0000000084600000, 0x0000000084600000|100%| O|  |TAMS 0x0000000084600000, 0x0000000084500000| Untracked 
|  12|0x0000000084600000, 0x0000000084700000, 0x0000000084700000|100%| O|  |TAMS 0x0000000084700000, 0x0000000084600000| Untracked 
|  13|0x0000000084700000, 0x0000000084800000, 0x0000000084800000|100%| O|  |TAMS 0x0000000084800000, 0x0000000084700000| Untracked 
|  14|0x0000000084800000, 0x0000000084900000, 0x0000000084900000|100%| O|  |TAMS 0x0000000084900000, 0x0000000084800000| Untracked 
|  15|0x0000000084900000, 0x0000000084988200, 0x0000000084a00000| 53%| O|  |TAMS 0x0000000084988200, 0x0000000084900000| Untracked 
|  16|0x0000000084a00000, 0x0000000084b00000, 0x0000000084b00000|100%| O|  |TAMS 0x0000000084b00000, 0x0000000084a00000| Untracked 
|  17|0x0000000084b00000, 0x0000000084c00000, 0x0000000084c00000|100%| O|  |TAMS 0x0000000084c00000, 0x0000000084b00000| Untracked 
|  18|0x0000000084c00000, 0x0000000084d00000, 0x0000000084d00000|100%| O|  |TAMS 0x0000000084d00000, 0x0000000084c00000| Untracked 
|  19|0x0000000084d00000, 0x0000000084e00000, 0x0000000084e00000|100%| O|  |TAMS 0x0000000084e00000, 0x0000000084d00000| Untracked 
|  20|0x0000000084e00000, 0x0000000084f00000, 0x0000000084f00000|100%| O|  |TAMS 0x0000000084f00000, 0x0000000084e00000| Untracked 
|  21|0x0000000084f00000, 0x0000000085000000, 0x0000000085000000|100%| O|  |TAMS 0x0000000085000000, 0x0000000084f00000| Untracked 
|  22|0x0000000085000000, 0x0000000085100000, 0x0000000085100000|100%| O|  |TAMS 0x0000000085100000, 0x0000000085000000| Untracked 
|  23|0x0000000085100000, 0x0000000085200000, 0x0000000085200000|100%| O|  |TAMS 0x000000008515d200, 0x0000000085100000| Untracked 
|  24|0x0000000085200000, 0x0000000085300000, 0x0000000085300000|100%| O|  |TAMS 0x0000000085200000, 0x0000000085200000| Untracked 
|  25|0x0000000085300000, 0x0000000085343c00, 0x0000000085400000| 26%| O|  |TAMS 0x0000000085300000, 0x0000000085300000| Untracked 
|  26|0x0000000085400000, 0x0000000085400000, 0x0000000085500000|  0%| F|  |TAMS 0x0000000085400000, 0x0000000085400000| Untracked 
|  27|0x0000000085500000, 0x0000000085500000, 0x0000000085600000|  0%| F|  |TAMS 0x0000000085500000, 0x0000000085500000| Untracked 
|  28|0x0000000085600000, 0x0000000085600000, 0x0000000085700000|  0%| F|  |TAMS 0x0000000085600000, 0x0000000085600000| Untracked 
|  29|0x0000000085700000, 0x0000000085700000, 0x0000000085800000|  0%| F|  |TAMS 0x0000000085700000, 0x0000000085700000| Untracked 
|  30|0x0000000085800000, 0x0000000085800000, 0x0000000085900000|  0%| F|  |TAMS 0x0000000085800000, 0x0000000085800000| Untracked 
|  31|0x0000000085900000, 0x0000000085900000, 0x0000000085a00000|  0%| F|  |TAMS 0x0000000085900000, 0x0000000085900000| Untracked 
|  32|0x0000000085a00000, 0x0000000085a00000, 0x0000000085b00000|  0%| F|  |TAMS 0x0000000085a00000, 0x0000000085a00000| Untracked 
|  33|0x0000000085b00000, 0x0000000085b00000, 0x0000000085c00000|  0%| F|  |TAMS 0x0000000085b00000, 0x0000000085b00000| Untracked 
|  34|0x0000000085c00000, 0x0000000085c00000, 0x0000000085d00000|  0%| F|  |TAMS 0x0000000085c00000, 0x0000000085c00000| Untracked 
|  35|0x0000000085d00000, 0x0000000085d00000, 0x0000000085e00000|  0%| F|  |TAMS 0x0000000085d00000, 0x0000000085d00000| Untracked 
|  36|0x0000000085e00000, 0x0000000085e00000, 0x0000000085f00000|  0%| F|  |TAMS 0x0000000085e00000, 0x0000000085e00000| Untracked 
|  37|0x0000000085f00000, 0x0000000085f00000, 0x0000000086000000|  0%| F|  |TAMS 0x0000000085f00000, 0x0000000085f00000| Untracked 
|  38|0x0000000086000000, 0x0000000086000000, 0x0000000086100000|  0%| F|  |TAMS 0x0000000086000000, 0x0000000086000000| Untracked 
|  39|0x0000000086100000, 0x0000000086100000, 0x0000000086200000|  0%| F|  |TAMS 0x0000000086100000, 0x0000000086100000| Untracked 
|  40|0x0000000086200000, 0x0000000086200000, 0x0000000086300000|  0%| F|  |TAMS 0x0000000086200000, 0x0000000086200000| Untracked 
|  41|0x0000000086300000, 0x0000000086300000, 0x0000000086400000|  0%| F|  |TAMS 0x0000000086300000, 0x0000000086300000| Untracked 
|  42|0x0000000086400000, 0x0000000086400000, 0x0000000086500000|  0%| F|  |TAMS 0x0000000086400000, 0x0000000086400000| Untracked 
|  43|0x0000000086500000, 0x0000000086500000, 0x0000000086600000|  0%| F|  |TAMS 0x0000000086500000, 0x0000000086500000| Untracked 
|  44|0x0000000086600000, 0x0000000086600000, 0x0000000086700000|  0%| F|  |TAMS 0x0000000086600000, 0x0000000086600000| Untracked 
|  45|0x0000000086700000, 0x0000000086700000, 0x0000000086800000|  0%| F|  |TAMS 0x0000000086700000, 0x0000000086700000| Untracked 
|  46|0x0000000086800000, 0x0000000086800000, 0x0000000086900000|  0%| F|  |TAMS 0x0000000086800000, 0x0000000086800000| Untracked 
|  47|0x0000000086900000, 0x0000000086900000, 0x0000000086a00000|  0%| F|  |TAMS 0x0000000086900000, 0x0000000086900000| Untracked 
|  48|0x0000000086a00000, 0x0000000086a00000, 0x0000000086b00000|  0%| F|  |TAMS 0x0000000086a00000, 0x0000000086a00000| Untracked 
|  49|0x0000000086b00000, 0x0000000086b00000, 0x0000000086c00000|  0%| F|  |TAMS 0x0000000086b00000, 0x0000000086b00000| Untracked 
|  50|0x0000000086c00000, 0x0000000086c00000, 0x0000000086d00000|  0%| F|  |TAMS 0x0000000086c00000, 0x0000000086c00000| Untracked 
|  51|0x0000000086d00000, 0x0000000086d00000, 0x0000000086e00000|  0%| F|  |TAMS 0x0000000086d00000, 0x0000000086d00000| Untracked 
|  52|0x0000000086e00000, 0x0000000086e00000, 0x0000000086f00000|  0%| F|  |TAMS 0x0000000086e00000, 0x0000000086e00000| Untracked 
|  53|0x0000000086f00000, 0x0000000086f00000, 0x0000000087000000|  0%| F|  |TAMS 0x0000000086f00000, 0x0000000086f00000| Untracked 
|  54|0x0000000087000000, 0x0000000087000000, 0x0000000087100000|  0%| F|  |TAMS 0x0000000087000000, 0x0000000087000000| Untracked 
|  55|0x0000000087100000, 0x0000000087100000, 0x0000000087200000|  0%| F|  |TAMS 0x0000000087100000, 0x0000000087100000| Untracked 
|  56|0x0000000087200000, 0x000000008724e488, 0x0000000087300000| 30%| E|  |TAMS 0x0000000087200000, 0x0000000087200000| Complete 
|  57|0x0000000087300000, 0x0000000087400000, 0x0000000087400000|100%| E|CS|TAMS 0x0000000087300000, 0x0000000087300000| Complete 
|  58|0x0000000087400000, 0x0000000087500000, 0x0000000087500000|100%| E|CS|TAMS 0x0000000087400000, 0x0000000087400000| Complete 
|  59|0x0000000087500000, 0x0000000087600000, 0x0000000087600000|100%| E|CS|TAMS 0x0000000087500000, 0x0000000087500000| Complete 
|  60|0x0000000087600000, 0x0000000087700000, 0x0000000087700000|100%| E|CS|TAMS 0x0000000087600000, 0x0000000087600000| Complete 
|  61|0x0000000087700000, 0x0000000087800000, 0x0000000087800000|100%| E|CS|TAMS 0x0000000087700000, 0x0000000087700000| Complete 
|  62|0x0000000087800000, 0x0000000087900000, 0x0000000087900000|100%| E|CS|TAMS 0x0000000087800000, 0x0000000087800000| Complete 
|  63|0x0000000087900000, 0x0000000087a00000, 0x0000000087a00000|100%| E|CS|TAMS 0x0000000087900000, 0x0000000087900000| Complete 
|  64|0x0000000087a00000, 0x0000000087af27f0, 0x0000000087b00000| 94%| S|CS|TAMS 0x0000000087a00000, 0x0000000087a00000| Complete 
|  97|0x0000000089b00000, 0x0000000089c00000, 0x0000000089c00000|100%| S|CS|TAMS 0x0000000089b00000, 0x0000000089b00000| Complete 
|  98|0x0000000089c00000, 0x0000000089d00000, 0x0000000089d00000|100%| S|CS|TAMS 0x0000000089c00000, 0x0000000089c00000| Complete 
|  99|0x0000000089d00000, 0x0000000089e00000, 0x0000000089e00000|100%| E|CS|TAMS 0x0000000089d00000, 0x0000000089d00000| Complete 
| 100|0x0000000089e00000, 0x0000000089f00000, 0x0000000089f00000|100%| E|  |TAMS 0x0000000089e00000, 0x0000000089e00000| Complete 
| 125|0x000000008b700000, 0x000000008b800000, 0x000000008b800000|100%| E|CS|TAMS 0x000000008b700000, 0x000000008b700000| Complete 

Card table byte_map: [0x000001eb1aae0000,0x000001eb1aed0000] _byte_map_base: 0x000001eb1a6c3000

Marking Bits (Prev, Next): (CMBitMap*) 0x000001eb03bf7f20, (CMBitMap*) 0x000001eb03bf7ee0
 Prev Bits: [0x000001eb1d1e0000, 0x000001eb1f0f8000)
 Next Bits: [0x000001eb1b2c0000, 0x000001eb1d1d8000)

Polling page: 0x000001eb03390000

Metaspace:

Usage:
  Non-class:     52.70 MB used.
      Class:      8.11 MB used.
       Both:     60.81 MB used.

Virtual space:
  Non-class space:       56.00 MB reserved,      52.88 MB ( 94%) committed,  7 nodes.
      Class space:        1.00 GB reserved,       8.31 MB ( <1%) committed,  1 nodes.
             Both:        1.05 GB reserved,      61.19 MB (  6%) committed. 

Chunk freelists:
   Non-Class:  2.66 MB
       Class:  3.69 MB
        Both:  6.34 MB

MaxMetaspaceSize: unlimited
CompressedClassSpaceSize: 1.00 GB
Initial GC threshold: 21.00 MB
Current GC threshold: 98.69 MB
CDS: on
MetaspaceReclaimPolicy: balanced
 - commit_granule_bytes: 65536.
 - commit_granule_words: 8192.
 - virtual_space_node_default_size: 1048576.
 - enlarge_chunks_in_place: 1.
 - new_chunks_are_fully_committed: 0.
 - uncommit_free_chunks: 1.
 - use_allocation_guard: 0.
 - handle_deallocations: 1.


Internal statistics:

num_allocs_failed_limit: 9.
num_arena_births: 424.
num_arena_deaths: 0.
num_vsnodes_births: 8.
num_vsnodes_deaths: 0.
num_space_committed: 979.
num_space_uncommitted: 0.
num_chunks_returned_to_freelist: 9.
num_chunks_taken_from_freelist: 2590.
num_chunk_merges: 6.
num_chunk_splits: 1850.
num_chunks_enlarged: 1489.
num_purges: 0.
num_inconsistent_stats: 0.

CodeHeap 'non-profiled nmethods': size=120000Kb used=3917Kb max_used=3917Kb free=116082Kb
 bounds [0x000001eb12e90000, 0x000001eb13270000, 0x000001eb1a3c0000]
CodeHeap 'profiled nmethods': size=120000Kb used=10464Kb max_used=10693Kb free=109535Kb
 bounds [0x000001eb0b960000, 0x000001eb0c3e0000, 0x000001eb12e90000]
CodeHeap 'non-nmethods': size=5760Kb used=1349Kb max_used=1419Kb free=4410Kb
 bounds [0x000001eb0b3c0000, 0x000001eb0b630000, 0x000001eb0b960000]
 total_blobs=5833 nmethods=5169 adapters=575
 compilation: enabled
              stopped_count=0, restarted_count=0
 full_count=0

Compilation events (20 events):
Event: 11052.864 Thread 0x000001eb21b17210 nmethod 5965 0x000001eb1325fc10 code [0x000001eb1325fda0, 0x000001eb1325ff18]
Event: 11052.871 Thread 0x000001eb21b17210 5966       4       java.util.concurrent.TimeUnit::convert (77 bytes)
Event: 11052.872 Thread 0x000001eb21b17210 nmethod 5966 0x000001eb13260090 code [0x000001eb13260220, 0x000001eb13260378]
Event: 11053.069 Thread 0x000001eb21b17210 5967       4       java.util.concurrent.ConcurrentHashMap$Traverser::<init> (36 bytes)
Event: 11053.072 Thread 0x000001eb21b17210 nmethod 5967 0x000001eb13260510 code [0x000001eb13260680, 0x000001eb13260838]
Event: 11053.090 Thread 0x000001eb21b17210 5968       4       java.util.concurrent.ConcurrentHashMap$BaseIterator::<init> (21 bytes)
Event: 11053.106 Thread 0x000001eb21b17210 nmethod 5968 0x000001eb13260890 code [0x000001eb13260a20, 0x000001eb13260f38]
Event: 11053.106 Thread 0x000001eb21b17210 5969       4       java.util.concurrent.locks.AbstractQueuedSynchronizer::acquire (20 bytes)
Event: 11053.113 Thread 0x000001eb21b17bc0 5973       3       java.util.concurrent.locks.LockSupport::park (23 bytes)
Event: 11053.113 Thread 0x000001eb21b17210 nmethod 5969 0x000001eb13261110 code [0x000001eb132612a0, 0x000001eb13261488]
Event: 11053.113 Thread 0x000001eb21b17210 5971       4       java.util.concurrent.ConcurrentHashMap$KeyIterator::<init> (12 bytes)
Event: 11053.114 Thread 0x000001eb21b17bc0 nmethod 5973 0x000001eb0c16cf10 code [0x000001eb0c16d0c0, 0x000001eb0c16d288]
Event: 11053.122 Thread 0x000001eb21b17210 nmethod 5971 0x000001eb13261590 code [0x000001eb13261720, 0x000001eb13261c38]
Event: 11053.122 Thread 0x000001eb21b17210 5975       4       java.util.concurrent.ScheduledThreadPoolExecutor$DelayedWorkQueue::siftUp (64 bytes)
Event: 11053.124 Thread 0x000001eb21b17bc0 5979       3       java.util.concurrent.locks.AbstractQueuedSynchronizer::acquireInterruptibly (36 bytes)
Event: 11053.125 Thread 0x000001eb21b17bc0 nmethod 5979 0x000001eb0c16c690 code [0x000001eb0c16c880, 0x000001eb0c16cd58]
Event: 11053.130 Thread 0x000001eb21b17210 nmethod 5975 0x000001eb13261e10 code [0x000001eb13261fc0, 0x000001eb13262498]
Event: 11053.130 Thread 0x000001eb21b17210 5976       4       java.util.concurrent.ScheduledThreadPoolExecutor$DelayedWorkQueue::siftDown (119 bytes)
Event: 11053.144 Thread 0x000001eb21b17210 nmethod 5976 0x000001eb13262790 code [0x000001eb13262960, 0x000001eb13263138]
Event: 11053.144 Thread 0x000001eb21b17210 5982   !   4       java.util.concurrent.ThreadPoolExecutor::getTask (177 bytes)

GC Heap History (20 events):
Event: 2.985 GC heap before
{Heap before GC invocations=5 (full 0):
 garbage-first heap   total 51200K, used 36542K [0x0000000083a00000, 0x0000000100000000)
  region size 1024K, 30 young (30720K), 6 survivors (6144K)
 Metaspace       used 25675K, committed 25984K, reserved 1073152K
  class space    used 3245K, committed 3392K, reserved 1048576K
}
Event: 2.997 GC heap after
{Heap after GC invocations=6 (full 0):
 garbage-first heap   total 51200K, used 15069K [0x0000000083a00000, 0x0000000100000000)
  region size 1024K, 4 young (4096K), 4 survivors (4096K)
 Metaspace       used 25675K, committed 25984K, reserved 1073152K
  class space    used 3245K, committed 3392K, reserved 1048576K
}
Event: 3.000 GC heap before
{Heap before GC invocations=6 (full 0):
 garbage-first heap   total 51200K, used 34525K [0x0000000083a00000, 0x0000000100000000)
  region size 1024K, 24 young (24576K), 4 survivors (4096K)
 Metaspace       used 25675K, committed 25984K, reserved 1073152K
  class space    used 3245K, committed 3392K, reserved 1048576K
}
Event: 3.004 GC heap after
{Heap after GC invocations=7 (full 0):
 garbage-first heap   total 51200K, used 15003K [0x0000000083a00000, 0x0000000100000000)
  region size 1024K, 1 young (1024K), 1 survivors (1024K)
 Metaspace       used 25675K, committed 25984K, reserved 1073152K
  class space    used 3245K, committed 3392K, reserved 1048576K
}
Event: 3.123 GC heap before
{Heap before GC invocations=7 (full 0):
 garbage-first heap   total 51200K, used 35483K [0x0000000083a00000, 0x0000000100000000)
  region size 1024K, 22 young (22528K), 1 survivors (1024K)
 Metaspace       used 26267K, committed 26560K, reserved 1073152K
  class space    used 3320K, committed 3456K, reserved 1048576K
}
Event: 3.126 GC heap after
{Heap after GC invocations=8 (full 0):
 garbage-first heap   total 51200K, used 15667K [0x0000000083a00000, 0x0000000100000000)
  region size 1024K, 1 young (1024K), 1 survivors (1024K)
 Metaspace       used 26267K, committed 26560K, reserved 1073152K
  class space    used 3320K, committed 3456K, reserved 1048576K
}
Event: 3.515 GC heap before
{Heap before GC invocations=8 (full 0):
 garbage-first heap   total 51200K, used 38195K [0x0000000083a00000, 0x0000000100000000)
  region size 1024K, 23 young (23552K), 1 survivors (1024K)
 Metaspace       used 30944K, committed 31232K, reserved 1081344K
  class space    used 4031K, committed 4160K, reserved 1048576K
}
Event: 3.519 GC heap after
{Heap after GC invocations=9 (full 0):
 garbage-first heap   total 116736K, used 16777K [0x0000000083a00000, 0x0000000100000000)
  region size 1024K, 2 young (2048K), 2 survivors (2048K)
 Metaspace       used 30944K, committed 31232K, reserved 1081344K
  class space    used 4031K, committed 4160K, reserved 1048576K
}
Event: 3.776 GC heap before
{Heap before GC invocations=9 (full 0):
 garbage-first heap   total 116736K, used 29065K [0x0000000083a00000, 0x0000000100000000)
  region size 1024K, 15 young (15360K), 2 survivors (2048K)
 Metaspace       used 35668K, committed 35968K, reserved 1081344K
  class space    used 4675K, committed 4864K, reserved 1048576K
}
Event: 3.781 GC heap after
{Heap after GC invocations=10 (full 0):
 garbage-first heap   total 116736K, used 18600K [0x0000000083a00000, 0x0000000100000000)
  region size 1024K, 4 young (4096K), 4 survivors (4096K)
 Metaspace       used 35668K, committed 35968K, reserved 1081344K
  class space    used 4675K, committed 4864K, reserved 1048576K
}
Event: 4.351 GC heap before
{Heap before GC invocations=11 (full 0):
 garbage-first heap   total 71680K, used 57512K [0x0000000083a00000, 0x0000000100000000)
  region size 1024K, 42 young (43008K), 4 survivors (4096K)
 Metaspace       used 44713K, committed 44992K, reserved 1089536K
  class space    used 5857K, committed 5952K, reserved 1048576K
}
Event: 4.358 GC heap after
{Heap after GC invocations=12 (full 0):
 garbage-first heap   total 71680K, used 20607K [0x0000000083a00000, 0x0000000100000000)
  region size 1024K, 5 young (5120K), 5 survivors (5120K)
 Metaspace       used 44713K, committed 44992K, reserved 1089536K
  class space    used 5857K, committed 5952K, reserved 1048576K
}
Event: 4.947 GC heap before
{Heap before GC invocations=12 (full 0):
 garbage-first heap   total 71680K, used 55423K [0x0000000083a00000, 0x0000000100000000)
  region size 1024K, 39 young (39936K), 5 survivors (5120K)
 Metaspace       used 51251K, committed 51584K, reserved 1097728K
  class space    used 6853K, committed 7040K, reserved 1048576K
}
Event: 4.956 GC heap after
{Heap after GC invocations=13 (full 0):
 garbage-first heap   total 71680K, used 22854K [0x0000000083a00000, 0x0000000100000000)
  region size 1024K, 5 young (5120K), 5 survivors (5120K)
 Metaspace       used 51251K, committed 51584K, reserved 1097728K
  class space    used 6853K, committed 7040K, reserved 1048576K
}
Event: 5.373 GC heap before
{Heap before GC invocations=13 (full 0):
 garbage-first heap   total 71680K, used 54598K [0x0000000083a00000, 0x0000000100000000)
  region size 1024K, 36 young (36864K), 5 survivors (5120K)
 Metaspace       used 54590K, committed 54912K, reserved 1097728K
  class space    used 7327K, committed 7488K, reserved 1048576K
}
Event: 5.377 GC heap after
{Heap after GC invocations=14 (full 0):
 garbage-first heap   total 71680K, used 24707K [0x0000000083a00000, 0x0000000100000000)
  region size 1024K, 5 young (5120K), 5 survivors (5120K)
 Metaspace       used 54590K, committed 54912K, reserved 1097728K
  class space    used 7327K, committed 7488K, reserved 1048576K
}
Event: 14.969 GC heap before
{Heap before GC invocations=14 (full 0):
 garbage-first heap   total 71680K, used 55427K [0x0000000083a00000, 0x0000000100000000)
  region size 1024K, 35 young (35840K), 5 survivors (5120K)
 Metaspace       used 59235K, committed 59648K, reserved 1105920K
  class space    used 7921K, committed 8128K, reserved 1048576K
}
Event: 14.974 GC heap after
{Heap after GC invocations=15 (full 0):
 garbage-first heap   total 71680K, used 27064K [0x0000000083a00000, 0x0000000100000000)
  region size 1024K, 5 young (5120K), 5 survivors (5120K)
 Metaspace       used 59235K, committed 59648K, reserved 1105920K
  class space    used 7921K, committed 8128K, reserved 1048576K
}
Event: 15.027 GC heap before
{Heap before GC invocations=15 (full 0):
 garbage-first heap   total 71680K, used 29112K [0x0000000083a00000, 0x0000000100000000)
  region size 1024K, 8 young (8192K), 5 survivors (5120K)
 Metaspace       used 59930K, committed 60288K, reserved 1105920K
  class space    used 8018K, committed 8192K, reserved 1048576K
}
Event: 15.031 GC heap after
{Heap after GC invocations=16 (full 0):
 garbage-first heap   total 71680K, used 27451K [0x0000000083a00000, 0x0000000100000000)
  region size 1024K, 3 young (3072K), 3 survivors (3072K)
 Metaspace       used 59930K, committed 60288K, reserved 1105920K
  class space    used 8018K, committed 8192K, reserved 1048576K
}

Deoptimization events (20 events):
Event: 15.041 Thread 0x000001eb2b20b010 DEOPT PACKING pc=0x000001eb13054924 sp=0x000000c3143f8740
Event: 15.041 Thread 0x000001eb2b20b010 DEOPT UNPACKING pc=0x000001eb0b415c23 sp=0x000000c3143f86e0 mode 2
Event: 15.041 Thread 0x000001eb2b20b010 Uncommon trap: trap_request=0xffffff45 fr.pc=0x000001eb13054278 relative=0x0000000000000258
Event: 15.041 Thread 0x000001eb2b20b010 Uncommon trap: reason=unstable_if action=reinterpret pc=0x000001eb13054278 method=java.util.StringTokenizer.scanToken(I)I @ 96 c2
Event: 15.041 Thread 0x000001eb2b20b010 DEOPT PACKING pc=0x000001eb13054278 sp=0x000000c3143f8740
Event: 15.041 Thread 0x000001eb2b20b010 DEOPT UNPACKING pc=0x000001eb0b415c23 sp=0x000000c3143f86e0 mode 2
Event: 15.093 Thread 0x000001eb2b20b010 Uncommon trap: trap_request=0xffffff45 fr.pc=0x000001eb13108644 relative=0x0000000000000224
Event: 15.093 Thread 0x000001eb2b20b010 Uncommon trap: reason=unstable_if action=reinterpret pc=0x000001eb13108644 method=java.util.regex.Matcher.reset()Ljava/util/regex/Matcher; @ 71 c2
Event: 15.093 Thread 0x000001eb2b20b010 DEOPT PACKING pc=0x000001eb13108644 sp=0x000000c3143f8470
Event: 15.093 Thread 0x000001eb2b20b010 DEOPT UNPACKING pc=0x000001eb0b415c23 sp=0x000000c3143f8400 mode 2
Event: 15.093 Thread 0x000001eb2b20b010 Uncommon trap: trap_request=0xffffff45 fr.pc=0x000001eb13164768 relative=0x00000000000003a8
Event: 15.093 Thread 0x000001eb2b20b010 Uncommon trap: reason=unstable_if action=reinterpret pc=0x000001eb13164768 method=java.util.regex.Matcher.search(I)Z @ 76 c2
Event: 15.093 Thread 0x000001eb2b20b010 DEOPT PACKING pc=0x000001eb13164768 sp=0x000000c3143f8550
Event: 15.093 Thread 0x000001eb2b20b010 DEOPT UNPACKING pc=0x000001eb0b415c23 sp=0x000000c3143f8488 mode 2
Event: 15.094 Thread 0x000001eb2b20b010 Uncommon trap: trap_request=0xffffff45 fr.pc=0x000001eb1310b73c relative=0x000000000000031c
Event: 15.094 Thread 0x000001eb2b20b010 Uncommon trap: reason=unstable_if action=reinterpret pc=0x000001eb1310b73c method=java.util.regex.Matcher.search(I)Z @ 76 c2
Event: 15.094 Thread 0x000001eb2b20b010 DEOPT PACKING pc=0x000001eb1310b73c sp=0x000000c3143f84d0
Event: 15.094 Thread 0x000001eb2b20b010 DEOPT UNPACKING pc=0x000001eb0b415c23 sp=0x000000c3143f8480 mode 2
Event: 15.197 Thread 0x000001eb2b20b010 DEOPT PACKING pc=0x000001eb0c2aebc2 sp=0x000000c3143f8900
Event: 15.197 Thread 0x000001eb2b20b010 DEOPT UNPACKING pc=0x000001eb0b416763 sp=0x000000c3143f7dc0 mode 0

Classes unloaded (0 events):
No events

Classes redefined (0 events):
No events

Internal exceptions (20 events):
Event: 5.220 Thread 0x000001eb03bb9e70 Exception <a 'java/lang/ClassNotFoundException'{0x0000000086bb4b08}: org/springframework/security/config/annotation/web/configuration/WebSecurityConfigurationCustomizer> (0x0000000086bb4b08) 
thrown [t:\workspace\open\src\hotspot\share\classfile\systemDictionary.cpp, line 256]
Event: 5.221 Thread 0x000001eb03bb9e70 Exception <a 'java/lang/ClassNotFoundException'{0x0000000086bc30e0}: org/springframework/context/annotation/ImportAwareCustomizer> (0x0000000086bc30e0) 
thrown [t:\workspace\open\src\hotspot\share\classfile\systemDictionary.cpp, line 256]
Event: 5.221 Thread 0x000001eb03bb9e70 Exception <a 'java/lang/ClassNotFoundException'{0x0000000086bc74c0}: org/springframework/beans/factory/AwareCustomizer> (0x0000000086bc74c0) 
thrown [t:\workspace\open\src\hotspot\share\classfile\systemDictionary.cpp, line 256]
Event: 5.221 Thread 0x000001eb03bb9e70 Exception <a 'java/lang/ClassNotFoundException'{0x0000000086bcacc0}: org/springframework/beans/factory/BeanClassLoaderAwareCustomizer> (0x0000000086bcacc0) 
thrown [t:\workspace\open\src\hotspot\share\classfile\systemDictionary.cpp, line 256]
Event: 5.221 Thread 0x000001eb03bb9e70 Exception <a 'java/lang/ClassNotFoundException'{0x0000000086bcf080}: org/springframework/beans/factory/AwareCustomizer> (0x0000000086bcf080) 
thrown [t:\workspace\open\src\hotspot\share\classfile\systemDictionary.cpp, line 256]
Event: 5.266 Thread 0x000001eb03bb9e70 Implicit null exception at 0x000001eb12f73bbd to 0x000001eb12f73c7a
Event: 5.343 Thread 0x000001eb03bb9e70 Exception <a 'java/lang/ClassNotFoundException'{0x0000000086269020}: java/lang/ObjectCustomizer> (0x0000000086269020) 
thrown [t:\workspace\open\src\hotspot\share\classfile\systemDictionary.cpp, line 256]
Event: 5.343 Thread 0x000001eb03bb9e70 Exception <a 'java/lang/ClassNotFoundException'{0x00000000862703e0}: org/springframework/security/config/annotation/web/configuration/HttpSecurityConfigurationCustomizer> (0x00000000862703e0) 
thrown [t:\workspace\open\src\hotspot\share\classfile\systemDictionary.cpp, line 256]
Event: 5.453 Thread 0x000001eb03bb9e70 Exception <a 'java/lang/NoSuchMethodError'{0x00000000879873d0}: 'void java.lang.invoke.DirectMethodHandle$Holder.invokeVirtual(java.lang.Object, java.lang.Object, int)'> (0x00000000879873d0) 
thrown [t:\workspace\open\src\hotspot\share\interpreter\linkResolver.cpp, line 766]
Event: 5.455 Thread 0x000001eb03bb9e70 Exception <a 'java/lang/NoSuchMethodError'{0x00000000879a1f78}: 'void java.lang.invoke.DirectMethodHandle$Holder.invokeVirtual(java.lang.Object, java.lang.Object, long)'> (0x00000000879a1f78) 
thrown [t:\workspace\open\src\hotspot\share\interpreter\linkResolver.cpp, line 766]
Event: 5.560 Thread 0x000001eb03bb9e70 Exception <a 'java/lang/IncompatibleClassChangeError'{0x0000000087285c00}: Found class java.lang.Object, but interface was expected> (0x0000000087285c00) 
thrown [t:\workspace\open\src\hotspot\share\interpreter\linkResolver.cpp, line 833]
Event: 5.620 Thread 0x000001eb03bb9e70 Implicit null exception at 0x000001eb12fb5fba to 0x000001eb12fb61a0
Event: 5.665 Thread 0x000001eb03bb9e70 Exception <a 'java/lang/NoSuchMethodError'{0x0000000086a5a000}: 'java.lang.Object java.lang.invoke.DirectMethodHandle$Holder.invokeSpecial(java.lang.Object, java.lang.Object, int, java.lang.Object, int, java.lang.Object)'> (0x0000000086a5a000) 
thrown [t:\workspace\open\src\hotspot\share\interpreter\linkResolver.cpp, line 766]
Event: 5.665 Thread 0x000001eb03bb9e70 Exception <a 'java/lang/NoSuchMethodError'{0x0000000086a61e00}: 'java.lang.Object java.lang.invoke.DirectMethodHandle$Holder.newInvokeSpecial(java.lang.Object, java.lang.Object, int, java.lang.Object, int)'> (0x0000000086a61e00) 
thrown [t:\workspace\open\src\hotspot\share\interpreter\linkResolver.cpp, line 766]
Event: 5.666 Thread 0x000001eb03bb9e70 Exception <a 'java/lang/NoSuchMethodError'{0x0000000086a65f00}: 'java.lang.Object java.lang.invoke.DirectMethodHandle$Holder.invokeSpecial(java.lang.Object, java.lang.Object, java.lang.Object, int, java.lang.Object, int)'> (0x0000000086a65f00) 
thrown [t:\workspace\open\src\hotspot\share\interpreter\linkResolver.cpp, line 766]
Event: 5.666 Thread 0x000001eb03bb9e70 Exception <a 'java/lang/NoSuchMethodError'{0x0000000086a6fc08}: 'void java.lang.invoke.DirectMethodHandle$Holder.invokeVirtual(java.lang.Object, java.lang.Object)'> (0x0000000086a6fc08) 
thrown [t:\workspace\open\src\hotspot\share\interpreter\linkResolver.cpp, line 766]
Event: 15.208 Thread 0x000001eb2b20b010 Exception <a 'java/lang/NoSuchMethodError'{0x000000008770e6d0}: 'java.lang.Object java.lang.invoke.DirectMethodHandle$Holder.invokeStaticInit(java.lang.Object, java.lang.Object, java.lang.Object, java.lang.Object, java.lang.Object, java.lang.Object)'> (0x000000008770e6d0) 
thrown [t:\workspace\open\src\hotspot\share\interpreter\linkResolver.cpp, line 766]
Event: 15.239 Thread 0x000001eb2b20b010 Exception <a 'java/lang/reflect/InvocationTargetException'{0x00000000877fb120}> (0x00000000877fb120) 
thrown [t:\workspace\open\src\hotspot\share\runtime\reflection.cpp, line 1121]
Event: 15.248 Thread 0x000001eb2b20b010 Exception <a 'java/lang/NoClassDefFoundError'{0x0000000087640b80}: sun/reflect/Reflection> (0x0000000087640b80) 
thrown [t:\workspace\open\src\hotspot\share\classfile\systemDictionary.cpp, line 245]
Event: 37.702 Thread 0x000001eb250f45b0 Exception <a 'java/lang/reflect/InvocationTargetException'{0x000000008747db18}> (0x000000008747db18) 
thrown [t:\workspace\open\src\hotspot\share\runtime\reflection.cpp, line 1121]

VM Operations (20 events):
Event: 184.960 Executing VM operation: Cleanup
Event: 184.960 Executing VM operation: Cleanup done
Event: 196.065 Executing VM operation: Cleanup
Event: 196.065 Executing VM operation: Cleanup done
Event: 203.144 Executing VM operation: Cleanup
Event: 203.144 Executing VM operation: Cleanup done
Event: 205.166 Executing VM operation: Cleanup
Event: 205.166 Executing VM operation: Cleanup done
Event: 206.174 Executing VM operation: Cleanup
Event: 206.174 Executing VM operation: Cleanup done
Event: 265.802 Executing VM operation: Cleanup
Event: 265.802 Executing VM operation: Cleanup done
Event: 479.003 Executing VM operation: Cleanup
Event: 479.004 Executing VM operation: Cleanup done
Event: 655.777 Executing VM operation: Cleanup
Event: 655.777 Executing VM operation: Cleanup done
Event: 895.284 Executing VM operation: Cleanup
Event: 895.284 Executing VM operation: Cleanup done
Event: 1239.826 Executing VM operation: Cleanup
Event: 1239.826 Executing VM operation: Cleanup done

Events (20 events):
Event: 15.248 loading class sun/reflect/Reflection
Event: 15.248 loading class sun/reflect/Reflection done
Event: 15.249 loading class jdk/internal/loader/BootLoader$PackageHelper
Event: 15.250 loading class jdk/internal/loader/BootLoader$PackageHelper done
Event: 15.280 loading class java/util/stream/LongStream
Event: 15.281 loading class java/util/stream/LongStream done
Event: 15.281 loading class java/util/stream/DoubleStream
Event: 15.282 loading class java/util/stream/DoubleStream done
Event: 15.289 loading class sun/nio/cs/ISO_8859_1$Encoder
Event: 15.290 loading class sun/nio/cs/ISO_8859_1$Encoder done
Event: 15.290 loading class sun/nio/cs/Surrogate$Parser
Event: 15.290 loading class sun/nio/cs/Surrogate$Parser done
Event: 15.290 loading class sun/nio/cs/Surrogate
Event: 15.290 loading class sun/nio/cs/Surrogate done
Event: 17.708 Thread 0x000001eb25e85030 Thread exited: 0x000001eb25e85030
Event: 37.690 Thread 0x000001eb250f10c0 Thread added: 0x000001eb250f10c0
Event: 37.690 Thread 0x000001eb250f45b0 Thread added: 0x000001eb250f45b0
Event: 44.511 Thread 0x000001eb250f2400 Thread added: 0x000001eb250f2400
Event: 44.512 Thread 0x000001eb250f4a80 Thread added: 0x000001eb250f4a80
Event: 105.122 Thread 0x000001eb250f1590 Thread added: 0x000001eb250f1590


Dynamic libraries:
0x00007ff6171d0000 - 0x00007ff6171e0000 	C:\Program Files\Java\jdk-17.0.1\bin\javaw.exe
0x00007ffa4f290000 - 0x00007ffa4f485000 	C:\windows\SYSTEM32\ntdll.dll
0x00007ffa4e570000 - 0x00007ffa4e62d000 	C:\windows\System32\KERNEL32.DLL
0x00007ffa4cc30000 - 0x00007ffa4cef8000 	C:\windows\System32\KERNELBASE.dll
0x00007ffa4d060000 - 0x00007ffa4d160000 	C:\windows\System32\ucrtbase.dll
0x00007ffa34490000 - 0x00007ffa344aa000 	C:\Program Files\Java\jdk-17.0.1\bin\VCRUNTIME140.dll
0x00007ffa34440000 - 0x00007ffa34458000 	C:\Program Files\Java\jdk-17.0.1\bin\jli.dll
0x00007ffa4d4a0000 - 0x00007ffa4d54c000 	C:\windows\System32\ADVAPI32.dll
0x00007ffa4e030000 - 0x00007ffa4e0ce000 	C:\windows\System32\msvcrt.dll
0x00007ffa4ed80000 - 0x00007ffa4ee1b000 	C:\windows\System32\sechost.dll
0x00007ffa4de90000 - 0x00007ffa4dfbb000 	C:\windows\System32\RPCRT4.dll
0x00007ffa4ebe0000 - 0x00007ffa4ed80000 	C:\windows\System32\USER32.dll
0x00007ffa4d190000 - 0x00007ffa4d1b2000 	C:\windows\System32\win32u.dll
0x00007ffa2e070000 - 0x00007ffa2e30a000 	C:\windows\WinSxS\amd64_microsoft.windows.common-controls_6595b64144ccf1df_6.0.19041.1052_none_60b8f8fd71f5e8cb\COMCTL32.dll
0x00007ffa4e950000 - 0x00007ffa4e97a000 	C:\windows\System32\GDI32.dll
0x00007ffa4cf50000 - 0x00007ffa4d05b000 	C:\windows\System32\gdi32full.dll
0x00007ffa4c9d0000 - 0x00007ffa4ca6d000 	C:\windows\System32\msvcp_win.dll
0x00007ffa3f680000 - 0x00007ffa3f68a000 	C:\windows\SYSTEM32\VERSION.dll
0x00007ffa4e540000 - 0x00007ffa4e570000 	C:\windows\System32\IMM32.DLL
0x00007ffa44660000 - 0x00007ffa4466c000 	C:\Program Files\Java\jdk-17.0.1\bin\vcruntime140_1.dll
0x00007ffa08a60000 - 0x00007ffa08aed000 	C:\Program Files\Java\jdk-17.0.1\bin\msvcp140.dll
0x00007ff9a9d90000 - 0x00007ff9aa94e000 	C:\Program Files\Java\jdk-17.0.1\bin\server\jvm.dll
0x00007ffa4e980000 - 0x00007ffa4e988000 	C:\windows\System32\PSAPI.DLL
0x00007ffa32790000 - 0x00007ffa32799000 	C:\windows\SYSTEM32\WSOCK32.dll
0x00007ffa33250000 - 0x00007ffa33277000 	C:\windows\SYSTEM32\WINMM.dll
0x00007ffa4dfc0000 - 0x00007ffa4e02b000 	C:\windows\System32\WS2_32.dll
0x00007ffa4b2a0000 - 0x00007ffa4b2b2000 	C:\windows\SYSTEM32\kernel.appcore.dll
0x00007ffa343f0000 - 0x00007ffa343fa000 	C:\Program Files\Java\jdk-17.0.1\bin\jimage.dll
0x00007ffa4a660000 - 0x00007ffa4a844000 	C:\windows\SYSTEM32\DBGHELP.DLL
0x00007ffa2c720000 - 0x00007ffa2c74c000 	C:\windows\SYSTEM32\dbgcore.DLL
0x00007ffa4d270000 - 0x00007ffa4d2f3000 	C:\windows\System32\bcryptPrimitives.dll
0x00007ffa32520000 - 0x00007ffa32545000 	C:\Program Files\Java\jdk-17.0.1\bin\java.dll
0x00007ff9faaf0000 - 0x00007ff9fabc6000 	C:\Program Files\Java\jdk-17.0.1\bin\svml.dll
0x00007ffa4d6a0000 - 0x00007ffa4dddf000 	C:\windows\System32\SHELL32.dll
0x00007ffa4a950000 - 0x00007ffa4b0e0000 	C:\windows\SYSTEM32\windows.storage.dll
0x00007ffa4ee20000 - 0x00007ffa4f175000 	C:\windows\System32\combase.dll
0x00007ffa4c440000 - 0x00007ffa4c46c000 	C:\windows\SYSTEM32\Wldp.dll
0x00007ffa4ea10000 - 0x00007ffa4eabe000 	C:\windows\System32\SHCORE.dll
0x00007ffa4d5e0000 - 0x00007ffa4d635000 	C:\windows\System32\shlwapi.dll
0x00007ffa4c910000 - 0x00007ffa4c92f000 	C:\windows\SYSTEM32\profapi.dll
0x00007ffa31840000 - 0x00007ffa31859000 	C:\Program Files\Java\jdk-17.0.1\bin\net.dll
0x00007ffa43700000 - 0x00007ffa4380b000 	C:\windows\SYSTEM32\WINHTTP.dll
0x00007ffa4c1b0000 - 0x00007ffa4c21a000 	C:\windows\system32\mswsock.dll
0x00007ffa2ffc0000 - 0x00007ffa2ffd5000 	C:\Program Files\Java\jdk-17.0.1\bin\nio.dll
0x00007ffa2c840000 - 0x00007ffa2c858000 	C:\Program Files\Java\jdk-17.0.1\bin\zip.dll
0x00007ffa343e0000 - 0x00007ffa343f0000 	C:\Program Files\Java\jdk-17.0.1\bin\verify.dll
0x00007ffa32640000 - 0x00007ffa32649000 	C:\Program Files\Java\jdk-17.0.1\bin\management.dll
0x00007ffa32490000 - 0x00007ffa3249b000 	C:\Program Files\Java\jdk-17.0.1\bin\management_ext.dll
0x00007ff9c46f0000 - 0x00007ff9c4707000 	C:\windows\system32\napinsp.dll
0x00007ff9c43a0000 - 0x00007ff9c43bb000 	C:\windows\system32\pnrpnsp.dll
0x00007ffa43940000 - 0x00007ffa43955000 	C:\windows\system32\wshbth.dll
0x00007ffa443c0000 - 0x00007ffa443dd000 	C:\windows\system32\NLAapi.dll
0x00007ffa4be50000 - 0x00007ffa4be8b000 	C:\windows\SYSTEM32\IPHLPAPI.DLL
0x00007ffa4be90000 - 0x00007ffa4bf5c000 	C:\windows\SYSTEM32\DNSAPI.dll
0x00007ffa4e630000 - 0x00007ffa4e638000 	C:\windows\System32\NSI.dll
0x00007ff9c4380000 - 0x00007ff9c4392000 	C:\windows\System32\winrnr.dll
0x00007ffa3f830000 - 0x00007ffa3f83a000 	C:\Windows\System32\rasadhlp.dll
0x00007ffa3d600000 - 0x00007ffa3d67f000 	C:\windows\System32\fwpuclnt.dll
0x00007ffa4d160000 - 0x00007ffa4d187000 	C:\windows\System32\bcrypt.dll
0x00007ffa4c380000 - 0x00007ffa4c398000 	C:\windows\SYSTEM32\CRYPTSP.dll
0x00007ffa4bae0000 - 0x00007ffa4bb14000 	C:\windows\system32\rsaenh.dll
0x00007ffa4c8d0000 - 0x00007ffa4c8fe000 	C:\windows\SYSTEM32\USERENV.dll
0x00007ffa4c3a0000 - 0x00007ffa4c3ac000 	C:\windows\SYSTEM32\CRYPTBASE.dll
0x00007ffa3f810000 - 0x00007ffa3f827000 	C:\windows\SYSTEM32\dhcpcsvc6.DLL
0x00007ffa3fbe0000 - 0x00007ffa3fbfd000 	C:\windows\SYSTEM32\dhcpcsvc.DLL
0x00007ffa32780000 - 0x00007ffa3278e000 	C:\Program Files\Java\jdk-17.0.1\bin\sunmscapi.dll
0x00007ffa4ca70000 - 0x00007ffa4cbcf000 	C:\windows\System32\CRYPT32.dll
0x00007ffa4c4b0000 - 0x00007ffa4c4d7000 	C:\windows\SYSTEM32\ncrypt.dll
0x00007ffa4c470000 - 0x00007ffa4c4ab000 	C:\windows\SYSTEM32\NTASN1.dll
0x00007ffa45920000 - 0x00007ffa45927000 	C:\windows\system32\wshunix.dll

dbghelp: loaded successfully - version: 4.0.5 - missing functions: none
symbol engine: initialized successfully - sym options: 0x614 - pdb path: .;C:\Program Files\Java\jdk-17.0.1\bin;C:\windows\SYSTEM32;C:\windows\WinSxS\amd64_microsoft.windows.common-controls_6595b64144ccf1df_6.0.19041.1052_none_60b8f8fd71f5e8cb;C:\Program Files\Java\jdk-17.0.1\bin\server

VM Arguments:
jvm_args: -Dfile.encoding=UTF-8 -XX:+ShowCodeDetailsInExceptionMessages 
java_command: com.example.springUsers.SpringUsersApplication
java_class_path (initial): C:\Users\praj2\Desktop\Downloads\springUsers\target\classes;C:\Users\praj2\.m2\repository\org\springframework\boot\spring-boot-starter-data-jpa\2.6.3\spring-boot-starter-data-jpa-2.6.3.jar;C:\Users\praj2\.m2\repository\org\springframework\boot\spring-boot-starter-aop\2.6.3\spring-boot-starter-aop-2.6.3.jar;C:\Users\praj2\.m2\repository\org\aspectj\aspectjweaver\1.9.7\aspectjweaver-1.9.7.jar;C:\Users\praj2\.m2\repository\org\springframework\boot\spring-boot-starter-jdbc\2.6.3\spring-boot-starter-jdbc-2.6.3.jar;C:\Users\praj2\.m2\repository\com\zaxxer\HikariCP\4.0.3\HikariCP-4.0.3.jar;C:\Users\praj2\.m2\repository\org\springframework\spring-jdbc\5.3.15\spring-jdbc-5.3.15.jar;C:\Users\praj2\.m2\repository\jakarta\transaction\jakarta.transaction-api\1.3.3\jakarta.transaction-api-1.3.3.jar;C:\Users\praj2\.m2\repository\jakarta\persistence\jakarta.persistence-api\2.2.3\jakarta.persistence-api-2.2.3.jar;C:\Users\praj2\.m2\repository\org\hibernate\hibernate-core\5.6.4.Final\hibernate-core-5.6.4.Final.jar;C:\Users\praj2\.m2\repository\org\jboss\logging\jboss-logging\3.4.3.Final\jboss-logging-3.4.3.Final.jar;C:\Users\praj2\.m2\repository\net\bytebuddy\byte-buddy\1.11.22\byte-buddy-1.11.22.jar;C:\Users\praj2\.m2\repository\antlr\antlr\2.7.7\antlr-2.7.7.jar;C:\Users\praj2\.m2\repository\org\jboss\jandex\2.4.2.Final\jandex-2.4.2.Final.jar;C:\Users\praj2\.m2\repository\com\fasterxml\classmate\1.5.1\classmate-1.5.1.jar;C:\Users\praj2\.m2\repository\org\hibernate\common\hibernate-commons-annotations\5.1.2.Final\hibernate-commons-annotations-5.1.2.Final.jar;C:\Users\praj2\.m2\repository\org\glassfish\jaxb\jaxb-runtime\2.3.5\jaxb-runtime-2.3.5.jar;C:\Users\praj2\.m2\repository\org\glassfish\jaxb\txw2\2.3.5\txw2-2.3.5.jar;C:\Users\praj2\.m2\repository\com\sun\istack\istack-commons-runtime\3.0.12\istack-commons-runtime-3.0.12.jar;C:\Users\praj2\.m2\repository\com\sun\activation\jakarta.activation\1.2.2\jakarta.activation-1.2.2.jar;C:\Users\praj2\.m2\reposit
Launcher Type: SUN_STANDARD

[Global flags]
     intx CICompilerCount                          = 4                                         {product} {ergonomic}
     uint ConcGCThreads                            = 2                                         {product} {ergonomic}
     uint G1ConcRefinementThreads                  = 8                                         {product} {ergonomic}
   size_t G1HeapRegionSize                         = 1048576                                   {product} {ergonomic}
    uintx GCDrainStackTargetSize                   = 64                                        {product} {ergonomic}
   size_t InitialHeapSize                          = 132120576                                 {product} {ergonomic}
   size_t MarkStackSize                            = 4194304                                   {product} {ergonomic}
   size_t MaxHeapSize                              = 2086666240                                {product} {ergonomic}
   size_t MaxNewSize                               = 1251999744                                {product} {ergonomic}
   size_t MinHeapDeltaBytes                        = 1048576                                   {product} {ergonomic}
   size_t MinHeapSize                              = 8388608                                   {product} {ergonomic}
    uintx NonNMethodCodeHeapSize                   = 5839372                                {pd product} {ergonomic}
    uintx NonProfiledCodeHeapSize                  = 122909434                              {pd product} {ergonomic}
    uintx ProfiledCodeHeapSize                     = 122909434                              {pd product} {ergonomic}
    uintx ReservedCodeCacheSize                    = 251658240                              {pd product} {ergonomic}
     bool SegmentedCodeCache                       = true                                      {product} {ergonomic}
     bool ShowCodeDetailsInExceptionMessages       = true                                   {manageable} {command line}
   size_t SoftMaxHeapSize                          = 2086666240                             {manageable} {ergonomic}
     bool UseCompressedClassPointers               = true                           {product lp64_product} {ergonomic}
     bool UseCompressedOops                        = true                           {product lp64_product} {ergonomic}
     bool UseG1GC                                  = true                                      {product} {ergonomic}
     bool UseLargePagesIndividualAllocation        = false                                  {pd product} {ergonomic}

Logging:
Log output configuration:
 #0: stdout all=warning uptime,level,tags
 #1: stderr all=off uptime,level,tags

Environment Variables:
PATH=C:\Program Files\Common Files\Oracle\Java\javapath;C:\windows\system32;C:\windows;C:\windows\System32\Wbem;C:\windows\System32\WindowsPowerShell\v1.0\;C:\windows\System32\OpenSSH\;C:\Program Files\Git\cmd;%NVM_HOME%;%NVM_SYMLINK%;C:\Users\praj2\AppData\Local\Microsoft\WindowsApps;C:\Users\praj2\AppData\Local\Programs\Microsoft VS Code\bin;C:\Users\praj2\AppData\Roaming\nvm;C:\Program Files\nodejs;C:\Users\praj2\AppData\Local\atom\bin
USERNAME=pratik
OS=Windows_NT
PROCESSOR_IDENTIFIER=Intel64 Family 6 Model 140 Stepping 1, GenuineIntel



---------------  S Y S T E M  ---------------

OS:
 Windows 10 , 64 bit Build 19041 (10.0.19041.1023)
OS uptime: 8 days 2:17 hours

CPU: total 8 (initial active 8) (4 cores per cpu, 2 threads per core) family 6 model 140 stepping 1 microcode 0x86, cx8, cmov, fxsr, ht, mmx, 3dnowpref, sse, sse2, sse3, ssse3, sse4.1, sse4.2, popcnt, lzcnt, tsc, tscinvbit, avx, avx2, aes, erms, clmul, bmi1, bmi2, adx, avx512f, avx512dq, avx512cd, avx512bw, avx512vl, sha, fma, vzeroupper, avx512_vpopcntdq, avx512_vpclmulqdq, avx512_vaes, avx512_vnni, clflush, clflushopt, clwb, avx512_vbmi2, avx512_vbmi

Memory: 4k page, system-wide physical 7957M (181M free)
TotalPageFile size 32533M (AvailPageFile size 2M)
current process WorkingSet (physical memory assigned to process): 27M, peak: 273M
current process commit charge ("private bytes"): 261M, peak: 313M

vm_info: Java HotSpot(TM) 64-Bit Server VM (17.0.1+12-LTS-39) for windows-amd64 JRE (17.0.1+12-LTS-39), built on Sep 27 2021 18:41:35 by "mach5one" with MS VC++ 16.8 (VS2019)

END.
